app/build/outputs/logs/manifest-merger-debug-report.txt
-- Merging decision tree log ---
manifest
ADDED from src\main\AndroidManifest.xml:2:1-268:12
	package
		ADDED from src\main\AndroidManifest.xml:3:5-38
		INJECTED from src\main\AndroidManifest.xml
		INJECTED from src\main\AndroidManifest.xml
	android:versionName
		ADDED from src\main\AndroidManifest.xml:5:5-32
		INJECTED from src\main\AndroidManifest.xml
		INJECTED from src\main\AndroidManifest.xml
	android:versionCode
		ADDED from src\main\AndroidManifest.xml:4:5-28
		INJECTED from src\main\AndroidManifest.xml
		INJECTED from src\main\AndroidManifest.xml
	xmlns:android
		ADDED from src\main\AndroidManifest.xml:2:11-69
uses-sdk
ADDED from src\main\AndroidManifest.xml:7:5-9:41
	android:targetSdkVersion
		ADDED from src\main\AndroidManifest.xml:9:9-38
		INJECTED from src\main\AndroidManifest.xml
		INJECTED from src\main\AndroidManifest.xml
	android:minSdkVersion
		ADDED from src\main\AndroidManifest.xml:8:9-35
		INJECTED from src\main\AndroidManifest.xml
		INJECTED from src\main\AndroidManifest.xml
uses-permission#android.permission.INTERNET
ADDED from src\main\AndroidManifest.xml:11:5-67
	android:name
		ADDED from src\main\AndroidManifest.xml:11:22-64
uses-permission#android.permission.ACCESS_WIFI_STATE
ADDED from src\main\AndroidManifest.xml:12:5-76
	android:name
		ADDED from src\main\AndroidManifest.xml:12:22-73
uses-permission#android.permission.RECEIVE_BOOT_COMPLETED
ADDED from src\main\AndroidManifest.xml:13:5-81
	android:name
		ADDED from src\main\AndroidManifest.xml:13:22-78
uses-permission#android.permission.ACCESS_NETWORK_STATE
ADDED from src\main\AndroidManifest.xml:14:5-79
	android:name
		ADDED from src\main\AndroidManifest.xml:14:22-76
uses-permission#android.permission.WAKE_LOCK
ADDED from src\main\AndroidManifest.xml:15:5-68
	android:name
		ADDED from src\main\AndroidManifest.xml:15:22-65
uses-permission#android.permission.CAMERA
ADDED from src\main\AndroidManifest.xml:16:5-65
	android:name
		ADDED from src\main\AndroidManifest.xml:16:22-62
uses-permission#android.permission.VIBRATE
ADDED from src\main\AndroidManifest.xml:17:5-66
	android:name
		ADDED from src\main\AndroidManifest.xml:17:22-63
uses-permission#android.permission.READ_EXTERNAL_STORAGE
ADDED from src\main\AndroidManifest.xml:18:5-80
	android:name
		ADDED from src\main\AndroidManifest.xml:18:22-77
uses-permission#android.permission.WRITE_EXTERNAL_STORAGE
ADDED from src\main\AndroidManifest.xml:19:5-81
	android:name
		ADDED from src\main\AndroidManifest.xml:19:22-78
uses-feature#android.hardware.camera
ADDED from src\main\AndroidManifest.xml:21:5-60
	android:name
		ADDED from src\main\AndroidManifest.xml:21:19-57
uses-feature#android.hardware.camera.autofocus
ADDED from src\main\AndroidManifest.xml:22:5-70
	android:name
		ADDED from src\main\AndroidManifest.xml:22:19-67
application
ADDED from src\main\AndroidManifest.xml:24:5-266:19
	android:screenOrientation
		ADDED from src\main\AndroidManifest.xml:30:9-45
	android:label
		ADDED from src\main\AndroidManifest.xml:28:9-41
	android:allowBackup
		ADDED from src\main\AndroidManifest.xml:26:9-35
	android:icon
		ADDED from src\main\AndroidManifest.xml:27:9-38
	android:largeHeap
		ADDED from src\main\AndroidManifest.xml:29:9-34
	android:theme
		ADDED from src\main\AndroidManifest.xml:31:9-41
	android:name
		ADDED from src\main\AndroidManifest.xml:25:9-59
activity#kr.co.dunet.goodall.Splash
ADDED from src\main\AndroidManifest.xml:32:9-42:20
	android:screenOrientation
		ADDED from src\main\AndroidManifest.xml:35:13-49
	android:configChanges
		ADDED from src\main\AndroidManifest.xml:34:13-74
	android:theme
		ADDED from src\main\AndroidManifest.xml:36:13-47
	android:name
		ADDED from src\main\AndroidManifest.xml:33:13-54
intent-filter#android.intent.action.MAIN+android.intent.category.LAUNCHER
ADDED from src\main\AndroidManifest.xml:37:13-41:29
action#android.intent.action.MAIN
ADDED from src\main\AndroidManifest.xml:38:17-69
	android:name
		ADDED from src\main\AndroidManifest.xml:38:25-66
category#android.intent.category.LAUNCHER
ADDED from src\main\AndroidManifest.xml:40:17-77
	android:name
		ADDED from src\main\AndroidManifest.xml:40:27-74
activity#kr.co.dunet.goodall.FromActivity
ADDED from src\main\AndroidManifest.xml:43:9-50:76
	android:screenOrientation
		ADDED from src\main\AndroidManifest.xml:48:13-49
	android:label
		ADDED from src\main\AndroidManifest.xml:46:13-45
	android:launchMode
		ADDED from src\main\AndroidManifest.xml:47:13-44
	android:windowSoftInputMode
		ADDED from src\main\AndroidManifest.xml:50:13-73
	android:configChanges
		ADDED from src\main\AndroidManifest.xml:45:13-74
	android:theme
		ADDED from src\main\AndroidManifest.xml:49:13-60
	android:name
		ADDED from src\main\AndroidManifest.xml:44:13-60
activity#kr.co.dunet.goodall.JoinActivity
ADDED from src\main\AndroidManifest.xml:51:9-62:20
	android:screenOrientation
		ADDED from src\main\AndroidManifest.xml:56:13-49
	android:parentActivityName
		ADDED from src\main\AndroidManifest.xml:55:13-55
	android:launchMode
		ADDED from src\main\AndroidManifest.xml:54:13-44
	android:windowSoftInputMode
		ADDED from src\main\AndroidManifest.xml:58:13-73
	android:configChanges
		ADDED from src\main\AndroidManifest.xml:53:13-74
	android:theme
		ADDED from src\main\AndroidManifest.xml:57:13-60
	android:name
		ADDED from src\main\AndroidManifest.xml:52:13-60
meta-data#android.support.PARENT_ACTIVITY
ADDED from src\main\AndroidManifest.xml:59:13-61:49
	android:value
		ADDED from src\main\AndroidManifest.xml:61:17-46
	android:name
		ADDED from src\main\AndroidManifest.xml:60:17-63
activity#kr.co.dunet.goodall.GuestLoginActivity
ADDED from src\main\AndroidManifest.xml:63:9-74:20
	android:screenOrientation
		ADDED from src\main\AndroidManifest.xml:68:13-49
	android:parentActivityName
		ADDED from src\main\AndroidManifest.xml:67:13-55
	android:launchMode
		ADDED from src\main\AndroidManifest.xml:66:13-44
	android:windowSoftInputMode
		ADDED from src\main\AndroidManifest.xml:70:13-73
	android:configChanges
		ADDED from src\main\AndroidManifest.xml:65:13-74
	android:theme
		ADDED from src\main\AndroidManifest.xml:69:13-60
	android:name
		ADDED from src\main\AndroidManifest.xml:64:13-66
activity#kr.co.dunet.goodall.UserFindActivity
ADDED from src\main\AndroidManifest.xml:75:9-86:20
	android:screenOrientation
		ADDED from src\main\AndroidManifest.xml:80:13-49
	android:parentActivityName
		ADDED from src\main\AndroidManifest.xml:79:13-55
	android:launchMode
		ADDED from src\main\AndroidManifest.xml:78:13-44
	android:windowSoftInputMode
		ADDED from src\main\AndroidManifest.xml:82:13-73
	android:configChanges
		ADDED from src\main\AndroidManifest.xml:77:13-74
	android:theme
		ADDED from src\main\AndroidManifest.xml:81:13-60
	android:name
		ADDED from src\main\AndroidManifest.xml:76:13-64
activity#kr.co.dunet.goodall.MUCMessageActivity
ADDED from src\main\AndroidManifest.xml:87:9-98:20
	android:screenOrientation
		ADDED from src\main\AndroidManifest.xml:92:13-49
	android:parentActivityName
		ADDED from src\main\AndroidManifest.xml:91:13-55
	android:launchMode
		ADDED from src\main\AndroidManifest.xml:90:13-44
	android:windowSoftInputMode
		ADDED from src\main\AndroidManifest.xml:94:13-73
	android:configChanges
		ADDED from src\main\AndroidManifest.xml:89:13-74
	android:theme
		ADDED from src\main\AndroidManifest.xml:93:13-60
	android:name
		ADDED from src\main\AndroidManifest.xml:88:13-66
activity#kr.co.dunet.goodall.ListActivity
ADDED from src\main\AndroidManifest.xml:107:9-113:76
	android:screenOrientation
		ADDED from src\main\AndroidManifest.xml:111:13-49
	android:launchMode
		ADDED from src\main\AndroidManifest.xml:110:13-44
	android:windowSoftInputMode
		ADDED from src\main\AndroidManifest.xml:113:13-73
	android:configChanges
		ADDED from src\main\AndroidManifest.xml:109:13-74
	android:theme
		ADDED from src\main\AndroidManifest.xml:112:13-60
	android:name
		ADDED from src\main\AndroidManifest.xml:108:13-60
activity#kr.co.dunet.goodall.UserModifyActivity
ADDED from src\main\AndroidManifest.xml:114:9-125:20
	android:screenOrientation
		ADDED from src\main\AndroidManifest.xml:119:13-49
	android:parentActivityName
		ADDED from src\main\AndroidManifest.xml:118:13-55
	android:launchMode
		ADDED from src\main\AndroidManifest.xml:117:13-44
	android:windowSoftInputMode
		ADDED from src\main\AndroidManifest.xml:121:13-73
	android:configChanges
		ADDED from src\main\AndroidManifest.xml:116:13-74
	android:theme
		ADDED from src\main\AndroidManifest.xml:120:13-60
	android:name
		ADDED from src\main\AndroidManifest.xml:115:13-66
activity#kr.co.dunet.goodall.GuestModifyActivity
ADDED from src\main\AndroidManifest.xml:126:9-137:20
	android:screenOrientation
		ADDED from src\main\AndroidManifest.xml:131:13-49
	android:parentActivityName
		ADDED from src\main\AndroidManifest.xml:130:13-55
	android:launchMode
		ADDED from src\main\AndroidManifest.xml:129:13-44
	android:windowSoftInputMode
		ADDED from src\main\AndroidManifest.xml:133:13-73
	android:configChanges
		ADDED from src\main\AndroidManifest.xml:128:13-74
	android:theme
		ADDED from src\main\AndroidManifest.xml:132:13-60
	android:name
		ADDED from src\main\AndroidManifest.xml:127:13-67
activity#kr.co.dunet.goodall.RoomEnterActivity
ADDED from src\main\AndroidManifest.xml:138:9-149:20
	android:screenOrientation
		ADDED from src\main\AndroidManifest.xml:143:13-49
	android:parentActivityName
		ADDED from src\main\AndroidManifest.xml:142:13-55
	android:launchMode
		ADDED from src\main\AndroidManifest.xml:141:13-44
	android:windowSoftInputMode
		ADDED from src\main\AndroidManifest.xml:145:13-73
	android:configChanges
		ADDED from src\main\AndroidManifest.xml:140:13-74
	android:theme
		ADDED from src\main\AndroidManifest.xml:144:13-60
	android:name
		ADDED from src\main\AndroidManifest.xml:139:13-65
activity#kr.co.dunet.goodall.RoomCreateActivity
ADDED from src\main\AndroidManifest.xml:150:9-161:20
	android:screenOrientation
		ADDED from src\main\AndroidManifest.xml:155:13-49
	android:parentActivityName
		ADDED from src\main\AndroidManifest.xml:154:13-55
	android:launchMode
		ADDED from src\main\AndroidManifest.xml:153:13-44
	android:windowSoftInputMode
		ADDED from src\main\AndroidManifest.xml:157:13-73
	android:configChanges
		ADDED from src\main\AndroidManifest.xml:152:13-74
	android:theme
		ADDED from src\main\AndroidManifest.xml:156:13-60
	android:name
		ADDED from src\main\AndroidManifest.xml:151:13-66
activity#kr.co.dunet.goodall.UserListActivity
ADDED from src\main\AndroidManifest.xml:162:9-173:20
	android:screenOrientation
		ADDED from src\main\AndroidManifest.xml:167:13-49
	android:parentActivityName
		ADDED from src\main\AndroidManifest.xml:166:13-61
	android:launchMode
		ADDED from src\main\AndroidManifest.xml:165:13-44
	android:windowSoftInputMode
		ADDED from src\main\AndroidManifest.xml:169:13-73
	android:configChanges
		ADDED from src\main\AndroidManifest.xml:164:13-74
	android:theme
		ADDED from src\main\AndroidManifest.xml:168:13-60
	android:name
		ADDED from src\main\AndroidManifest.xml:163:13-64
activity#kr.co.dunet.goodall.VoteListActivity
ADDED from src\main\AndroidManifest.xml:174:9-185:20
	android:screenOrientation
		ADDED from src\main\AndroidManifest.xml:179:13-49
	android:parentActivityName
		ADDED from src\main\AndroidManifest.xml:178:13-61
	android:launchMode
		ADDED from src\main\AndroidManifest.xml:177:13-44
	android:windowSoftInputMode
		ADDED from src\main\AndroidManifest.xml:181:13-73
	android:configChanges
		ADDED from src\main\AndroidManifest.xml:176:13-74
	android:theme
		ADDED from src\main\AndroidManifest.xml:180:13-60
	android:name
		ADDED from src\main\AndroidManifest.xml:175:13-64
activity#kr.co.dunet.goodall.VoteCreateActivity
ADDED from src\main\AndroidManifest.xml:186:9-197:20
	android:screenOrientation
		ADDED from src\main\AndroidManifest.xml:191:13-49
	android:parentActivityName
		ADDED from src\main\AndroidManifest.xml:190:13-59
	android:launchMode
		ADDED from src\main\AndroidManifest.xml:189:13-44
	android:windowSoftInputMode
		ADDED from src\main\AndroidManifest.xml:193:13-73
	android:configChanges
		ADDED from src\main\AndroidManifest.xml:188:13-74
	android:theme
		ADDED from src\main\AndroidManifest.xml:192:13-60
	android:name
		ADDED from src\main\AndroidManifest.xml:187:13-66
activity#kr.co.dunet.goodall.VoteViewActivity
ADDED from src\main\AndroidManifest.xml:198:9-209:20
	android:screenOrientation
		ADDED from src\main\AndroidManifest.xml:203:13-49
	android:parentActivityName
		ADDED from src\main\AndroidManifest.xml:202:13-59
	android:launchMode
		ADDED from src\main\AndroidManifest.xml:201:13-44
	android:windowSoftInputMode
		ADDED from src\main\AndroidManifest.xml:205:13-73
	android:configChanges
		ADDED from src\main\AndroidManifest.xml:200:13-74
	android:theme
		ADDED from src\main\AndroidManifest.xml:204:13-60
	android:name
		ADDED from src\main\AndroidManifest.xml:199:13-64
activity#kr.co.dunet.goodall.VoteResultActivity
ADDED from src\main\AndroidManifest.xml:210:9-221:20
	android:screenOrientation
		ADDED from src\main\AndroidManifest.xml:215:13-49
	android:parentActivityName
		ADDED from src\main\AndroidManifest.xml:214:13-59
	android:launchMode
		ADDED from src\main\AndroidManifest.xml:213:13-44
	android:windowSoftInputMode
		ADDED from src\main\AndroidManifest.xml:217:13-73
	android:configChanges
		ADDED from src\main\AndroidManifest.xml:212:13-74
	android:theme
		ADDED from src\main\AndroidManifest.xml:216:13-60
	android:name
		ADDED from src\main\AndroidManifest.xml:211:13-66
activity#kr.co.dunet.goodall.StatisticsActivity
ADDED from src\main\AndroidManifest.xml:222:9-233:20
	android:screenOrientation
		ADDED from src\main\AndroidManifest.xml:227:13-49
	android:parentActivityName
		ADDED from src\main\AndroidManifest.xml:226:13-61
	android:launchMode
		ADDED from src\main\AndroidManifest.xml:225:13-44
	android:windowSoftInputMode
		ADDED from src\main\AndroidManifest.xml:229:13-73
	android:configChanges
		ADDED from src\main\AndroidManifest.xml:224:13-74
	android:theme
		ADDED from src\main\AndroidManifest.xml:228:13-60
	android:name
		ADDED from src\main\AndroidManifest.xml:223:13-66
activity#kr.co.dunet.goodall.PhotoActivity
ADDED from src\main\AndroidManifest.xml:234:9-242:20
	android:parentActivityName
		ADDED from src\main\AndroidManifest.xml:238:13-61
	android:launchMode
		ADDED from src\main\AndroidManifest.xml:237:13-44
	android:configChanges
		ADDED from src\main\AndroidManifest.xml:236:13-74
	android:name
		ADDED from src\main\AndroidManifest.xml:235:13-61
activity#kr.co.dunet.goodall.ProfileActivity
ADDED from src\main\AndroidManifest.xml:243:9-251:20
	android:parentActivityName
		ADDED from src\main\AndroidManifest.xml:247:13-61
	android:launchMode
		ADDED from src\main\AndroidManifest.xml:246:13-44
	android:configChanges
		ADDED from src\main\AndroidManifest.xml:245:13-74
	android:name
		ADDED from src\main\AndroidManifest.xml:244:13-63
receiver#kr.co.dunet.goodall.PushServiceRestarter
ADDED from src\main\AndroidManifest.xml:253:9-262:20
	android:exported
		ADDED from src\main\AndroidManifest.xml:255:13-37
	android:name
		ADDED from src\main\AndroidManifest.xml:254:13-68
intent-filter#android.intent.action.BOOT_COMPLETED+android.intent.category.LAUNCHER+com.devcat.chat.restart
ADDED from src\main\AndroidManifest.xml:256:13-261:29
action#com.devcat.chat.restart
ADDED from src\main\AndroidManifest.xml:257:17-66
	android:name
		ADDED from src\main\AndroidManifest.xml:257:25-63
action#android.intent.action.BOOT_COMPLETED
ADDED from src\main\AndroidManifest.xml:258:17-79
	android:name
		ADDED from src\main\AndroidManifest.xml:258:25-76
service#kr.co.dunet.goodall.MQTTService
ADDED from src\main\AndroidManifest.xml:264:9-265:19
	android:name
		ADDED from src\main\AndroidManifest.xml:264:18-64